<?xml version="1.0" encoding="UTF-8"?>
<testng-results skipped="0" failed="0" total="1" passed="1">
  <reporter-output>
  </reporter-output>
  <suite name="Suite" duration-ms="14191" started-at="2018-06-11T08:24:18Z" finished-at="2018-06-11T08:24:32Z">
    <groups>
    </groups>
    <test name="Test" duration-ms="14191" started-at="2018-06-11T08:24:18Z" finished-at="2018-06-11T08:24:32Z">
      <class name="com.Automation.AllureDemo.AllureTest.TestAllure">
        <test-method status="PASS" signature="TestGoogle()[pri:0, instance:com.Automation.AllureDemo.AllureTest.TestAllure@3f053c80]" name="TestGoogle" duration-ms="13924" started-at="2018-06-11T13:54:18Z" description="To Test GoogleTitle" finished-at="2018-06-11T13:54:32Z">
          <reporter-output>
          </reporter-output>
        </test-method> <!-- TestGoogle -->
      </class> <!-- com.Automation.AllureDemo.AllureTest.TestAllure -->
    </test> <!-- Test -->
  </suite> <!-- Suite -->
</testng-results>
